<?xml version="1.0" encoding="UTF-8"?>
<testng-results skipped="0" failed="0" ignored="0" total="2" passed="2">
  <reporter-output>
  </reporter-output>
  <suite name="Default suite" duration-ms="32295" started-at="2018-08-17T09:48:10Z" finished-at="2018-08-17T09:48:42Z">
    <groups>
    </groups>
    <test name="Default test" duration-ms="32295" started-at="2018-08-17T09:48:10Z" finished-at="2018-08-17T09:48:42Z">
      <class name="action.element.ActionandElement">
        <test-method status="PASS" signature="run()[pri:1, instance:action.element.ActionandElement@1b604f19]" name="run" duration-ms="23608" started-at="2018-08-17T09:48:10Z" finished-at="2018-08-17T09:48:33Z">
          <reporter-output>
          </reporter-output>
        </test-method> <!-- run -->
        <test-method status="PASS" signature="totalqa()[pri:2, instance:action.element.ActionandElement@1b604f19]" name="totalqa" duration-ms="8659" started-at="2018-08-17T09:48:33Z" finished-at="2018-08-17T09:48:42Z">
          <reporter-output>
          </reporter-output>
        </test-method> <!-- totalqa -->
      </class> <!-- action.element.ActionandElement -->
    </test> <!-- Default test -->
  </suite> <!-- Default suite -->
</testng-results>
